[debug] Modified [Main] (26 calls into LWJGL)
[debug] Created proxy class for [Main] (5,947 bytes)
[debug] Modified [Main] (0 calls into LWJGL)
[trace] (Main.java:33)  getVersion() = "3.2.3 build 13"
[debug] Modified [org/lwjgl/glfw/GLFWErrorCallback] (1 calls into LWJGL)
[debug] Created proxy class for [org/lwjgl/glfw/GLFWErrorCallback] (866 bytes)
[debug] Did not modify: org/lwjgl/glfw/GLFWErrorCallback
[LWJGL] Version: 3.2.3 build 13
[LWJGL] 	 OS: Windows 10 v10.0
[LWJGL] 	JRE: 15 amd64
[LWJGL] 	JVM: OpenJDK 64-Bit Server VM v15+36-1562 by Oracle Corporation
[LWJGL] Loading JNI library: lwjgl
[LWJGL] 	Module: org.lwjgl
[LWJGL] 	Using SharedLibraryLoader...
[LWJGL] 	Found at: C:\Users\EDUARD~1.PAR\AppData\Local\Temp\lwjgleduard.parvu\3.2.3-build-13\lwjgl.dll
[LWJGL] 	Found at: C:\Users\EDUARD~1.PAR\AppData\Local\Temp\lwjgleduard.parvu\3.2.3-build-13\lwjgl.dll
[LWJGL] 	Loaded from org.lwjgl.librarypath: C:\Users\EDUARD~1.PAR\AppData\Local\Temp\lwjgleduard.parvu\3.2.3-build-13\lwjgl.dll
[LWJGL] Java 9 stack walker enabled
[LWJGL] Loading library: jemalloc
[LWJGL] 	Module: org.lwjgl.jemalloc
[LWJGL] 	Using SharedLibraryLoader...
[LWJGL] 	Found at: C:\Users\EDUARD~1.PAR\AppData\Local\Temp\lwjgleduard.parvu\3.2.3-build-13\jemalloc.dll
[LWJGL] 	Loaded from org.lwjgl.librarypath: C:\Users\EDUARD~1.PAR\AppData\Local\Temp\lwjgleduard.parvu\3.2.3-build-13\jemalloc.dll
[LWJGL] MemoryUtil allocator: DebugAllocator
[LWJGL] Loading library: glfw
[LWJGL] 	Module: org.lwjgl.glfw
[LWJGL] 	Using SharedLibraryLoader...
[LWJGL] 	Found at: C:\Users\EDUARD~1.PAR\AppData\Local\Temp\lwjgleduard.parvu\3.2.3-build-13\glfw.dll
[LWJGL] 	Loaded from org.lwjgl.librarypath: C:\Users\EDUARD~1.PAR\AppData\Local\Temp\lwjgleduard.parvu\3.2.3-build-13\glfw.dll
[trace] (Main.java:55)               createPrint(java.io.PrintStream@32e6e9c3) =  pointer [0x232B5510000]
[trace] (GLFWErrorCallback.java:132) glfwSetErrorCallback( pointer [0x232B5510000]) = null
[debug] Registering GLFWErrorCallback
[trace] (Main.java:57)               glfwInit() = true
[trace] (Main.java:61)               glfwWindowHint(GLFW_CONTEXT_VERSION_MAJOR, 3)
[trace] (Main.java:62)               glfwWindowHint(GLFW_CONTEXT_VERSION_MINOR, 3)
[trace] (Main.java:63)               glfwWindowHint(GLFW_OPENGL_PROFILE, GLFW_OPENGL_CORE_PROFILE)
[trace] (Main.java:64)               glfwWindowHint(GLFW_VISIBLE, GLFW_FALSE)
[trace] (Main.java:65)               glfwWindowHint(GLFW_RESIZABLE, GLFW_TRUE)
[LWJGL] Java 9 check intrinsics enabled
[trace] (Main.java:70)               glfwCreateWindow(800, 600, "LearnOpenGL", 0L, 0L) = window[1]
[trace] (Main.java:77)               glfwSetKeyCallback(window[1], Main$$Lambda$53/0x0000000800bdeb68@27808f31) = null
[trace] (Main.java:84)               glfwGetPrimaryMonitor() = monitor[0]
[trace] (Main.java:84)               glfwGetVideoMode(monitor[0]) = GLFWVidMode pointer [0x232B38C3A5C]
[trace] (Main.java:87)               glfwSetWindowPos(window[1], 560, 240)
[trace][1] (Main.java:93)               glfwMakeContextCurrent(window[1])
[trace][1] (Main.java:95)               glfwSwapInterval(1)  // 60 Hz
[trace][1] (Main.java:98)               glfwShowWindow(window[1])
[LWJGL] Loading JNI library: lwjgl_opengl
[LWJGL] 	Module: org.lwjgl.opengl
[LWJGL] 	Using SharedLibraryLoader...
[LWJGL] 	Found at: C:\Users\EDUARD~1.PAR\AppData\Local\Temp\lwjgleduard.parvu\3.2.3-build-13\lwjgl_opengl.dll
[LWJGL] 	Loaded from org.lwjgl.librarypath: C:\Users\EDUARD~1.PAR\AppData\Local\Temp\lwjgleduard.parvu\3.2.3-build-13\lwjgl_opengl.dll
[LWJGL] Loading library: opengl32
[LWJGL] 	Module: org.lwjgl.opengl
[LWJGL] 	opengl32.dll not found in org.lwjgl.librarypath=C:\Users\EDUARD~1.PAR\AppData\Local\Temp\lwjgleduard.parvu\3.2.3-build-13
[LWJGL] 	Loaded from system paths: C:\WINDOWS\SYSTEM32\opengl32.dll
[LWJGL] Java 10 multiplyHigh enabled
[LWJGL] [GL] GL_ARB_shader_subroutine was reported as available but an entry point is missing.
[LWJGL] Java 10 memcpy enabled
[LWJGL] [GL] Using KHR_debug for error logging.
[LWJGL] Java 9 text decoding enabled
[info ][1] Initialized OpenGL context for window[1]
  Effective OpenGL version: 3.3
  OpenGL version string   : 3.3.0 NVIDIA 442.23
  OpenGL vendor           : NVIDIA Corporation
  OpenGL renderer         : GeForce GTX 1650/PCIe/SSE2
  GL_MAX_VERTEX_ATTRIBS   : 16
  Capabilities:
        1      GL_AMD_seamless_cubemap_per_texture GL_AMD_vertex_shader_layer 
        2      GL_AMD_vertex_shader_viewport_index GL_ARB_arrays_of_arrays 
        3      GL_ARB_base_instance GL_ARB_bindless_texture GL_ARB_blend_func_extended 
        4      GL_ARB_buffer_storage GL_ARB_clear_buffer_object GL_ARB_clear_texture 
        5      GL_ARB_clip_control GL_ARB_color_buffer_float 
        6      GL_ARB_compressed_texture_pixel_storage GL_ARB_compute_shader 
        7      GL_ARB_compute_variable_group_size GL_ARB_conditional_render_inverted 
        8      GL_ARB_conservative_depth GL_ARB_copy_buffer GL_ARB_copy_image 
        9      GL_ARB_cull_distance GL_ARB_debug_output GL_ARB_depth_buffer_float 
       10      GL_ARB_depth_clamp GL_ARB_depth_texture GL_ARB_derivative_control 
       11      GL_ARB_direct_state_access GL_ARB_draw_buffers GL_ARB_draw_buffers_blend 
       12      GL_ARB_draw_elements_base_vertex GL_ARB_draw_indirect GL_ARB_draw_instanced 
       13      GL_ARB_enhanced_layouts GL_ARB_ES2_compatibility GL_ARB_ES3_1_compatibility 
       14      GL_ARB_ES3_2_compatibility GL_ARB_ES3_compatibility 
       15      GL_ARB_explicit_attrib_location GL_ARB_explicit_uniform_location 
       16      GL_ARB_fragment_coord_conventions GL_ARB_fragment_layer_viewport 
       17      GL_ARB_fragment_program GL_ARB_fragment_program_shadow GL_ARB_fragment_shader 
       18      GL_ARB_fragment_shader_interlock GL_ARB_framebuffer_no_attachments 
       19      GL_ARB_framebuffer_object GL_ARB_framebuffer_sRGB GL_ARB_geometry_shader4 
       20      GL_ARB_get_program_binary GL_ARB_get_texture_sub_image GL_ARB_gl_spirv 
       21      GL_ARB_gpu_shader5 GL_ARB_gpu_shader_fp64 GL_ARB_gpu_shader_int64 
       22      GL_ARB_half_float_pixel GL_ARB_half_float_vertex GL_ARB_imaging 
       23      GL_ARB_indirect_parameters GL_ARB_instanced_arrays GL_ARB_internalformat_query 
       24      GL_ARB_internalformat_query2 GL_ARB_invalidate_subdata 
       25      GL_ARB_map_buffer_alignment GL_ARB_map_buffer_range GL_ARB_multi_bind 
       26      GL_ARB_multi_draw_indirect GL_ARB_multisample GL_ARB_multitexture 
       27      GL_ARB_occlusion_query GL_ARB_occlusion_query2 GL_ARB_parallel_shader_compile 
       28      GL_ARB_pipeline_statistics_query GL_ARB_pixel_buffer_object 
       29      GL_ARB_point_parameters GL_ARB_point_sprite GL_ARB_polygon_offset_clamp 
       30      GL_ARB_post_depth_coverage GL_ARB_program_interface_query 
       31      GL_ARB_provoking_vertex GL_ARB_query_buffer_object 
       32      GL_ARB_robust_buffer_access_behavior GL_ARB_robustness GL_ARB_sample_locations 
       33      GL_ARB_sample_shading GL_ARB_sampler_objects GL_ARB_seamless_cube_map 
       34      GL_ARB_seamless_cubemap_per_texture GL_ARB_separate_shader_objects 
       35      GL_ARB_shader_atomic_counter_ops GL_ARB_shader_atomic_counters 
       36      GL_ARB_shader_ballot GL_ARB_shader_bit_encoding GL_ARB_shader_clock 
       37      GL_ARB_shader_draw_parameters GL_ARB_shader_group_vote 
       38      GL_ARB_shader_image_load_store GL_ARB_shader_image_size GL_ARB_shader_objects 
       39      GL_ARB_shader_precision GL_ARB_shader_storage_buffer_object 
       40      GL_ARB_shader_texture_image_samples GL_ARB_shader_texture_lod 
       41      GL_ARB_shader_viewport_layer_array GL_ARB_shading_language_100 
       42      GL_ARB_shading_language_420pack GL_ARB_shading_language_include 
       43      GL_ARB_shading_language_packing GL_ARB_shadow GL_ARB_sparse_buffer 
       44      GL_ARB_sparse_texture GL_ARB_sparse_texture2 GL_ARB_sparse_texture_clamp 
       45      GL_ARB_spirv_extensions GL_ARB_stencil_texturing GL_ARB_sync 
       46      GL_ARB_tessellation_shader GL_ARB_texture_barrier GL_ARB_texture_border_clamp 
       47      GL_ARB_texture_buffer_object GL_ARB_texture_buffer_object_rgb32 
       48      GL_ARB_texture_buffer_range GL_ARB_texture_compression 
       49      GL_ARB_texture_compression_bptc GL_ARB_texture_compression_rgtc 
       50      GL_ARB_texture_cube_map GL_ARB_texture_cube_map_array GL_ARB_texture_env_add 
       51      GL_ARB_texture_env_combine GL_ARB_texture_env_crossbar GL_ARB_texture_env_dot3 
       52      GL_ARB_texture_filter_anisotropic GL_ARB_texture_filter_minmax 
       53      GL_ARB_texture_float GL_ARB_texture_gather GL_ARB_texture_mirror_clamp_to_edge 
       54      GL_ARB_texture_mirrored_repeat GL_ARB_texture_multisample 
       55      GL_ARB_texture_non_power_of_two GL_ARB_texture_query_levels 
       56      GL_ARB_texture_query_lod GL_ARB_texture_rectangle GL_ARB_texture_rg 
       57      GL_ARB_texture_rgb10_a2ui GL_ARB_texture_stencil8 GL_ARB_texture_storage 
       58      GL_ARB_texture_storage_multisample GL_ARB_texture_swizzle GL_ARB_texture_view 
       59      GL_ARB_timer_query GL_ARB_transform_feedback2 GL_ARB_transform_feedback3 
       60      GL_ARB_transform_feedback_instanced GL_ARB_transform_feedback_overflow_query 
       61      GL_ARB_transpose_matrix GL_ARB_uniform_buffer_object GL_ARB_vertex_array_bgra 
       62      GL_ARB_vertex_array_object GL_ARB_vertex_attrib_64bit 
       63      GL_ARB_vertex_attrib_binding GL_ARB_vertex_buffer_object GL_ARB_vertex_program 
       64      GL_ARB_vertex_shader GL_ARB_vertex_type_10f_11f_11f_rev 
       65      GL_ARB_vertex_type_2_10_10_10_rev GL_ARB_viewport_array GL_ARB_window_pos 
       66      GL_EXT_abgr GL_EXT_bgra GL_EXT_bindable_uniform GL_EXT_blend_color 
       67      GL_EXT_blend_equation_separate GL_EXT_blend_func_separate GL_EXT_blend_minmax 
       68      GL_EXT_blend_subtract GL_EXT_compiled_vertex_array GL_EXT_depth_bounds_test 
       69      GL_EXT_direct_state_access GL_EXT_draw_buffers2 GL_EXT_draw_instanced 
       70      GL_EXT_framebuffer_blit GL_EXT_framebuffer_multisample 
       71      GL_EXT_framebuffer_multisample_blit_scaled GL_EXT_framebuffer_object 
       72      GL_EXT_framebuffer_sRGB GL_EXT_geometry_shader4 GL_EXT_gpu_program_parameters 
       73      GL_EXT_gpu_shader4 GL_EXT_memory_object GL_EXT_memory_object_win32 
       74      GL_EXT_multiview_texture_multisample GL_EXT_multiview_timer_query 
       75      GL_EXT_packed_depth_stencil GL_EXT_packed_float GL_EXT_pixel_buffer_object 
       76      GL_EXT_point_parameters GL_EXT_polygon_offset_clamp GL_EXT_post_depth_coverage 
       77      GL_EXT_provoking_vertex GL_EXT_raster_multisample GL_EXT_secondary_color 
       78      GL_EXT_semaphore GL_EXT_semaphore_win32 GL_EXT_separate_shader_objects 
       79      GL_EXT_shader_image_load_formatted GL_EXT_shader_image_load_store 
       80      GL_EXT_shader_integer_mix GL_EXT_shadow_funcs GL_EXT_sparse_texture2 
       81      GL_EXT_stencil_two_side GL_EXT_stencil_wrap GL_EXT_texture_array 
       82      GL_EXT_texture_buffer_object GL_EXT_texture_compression_latc 
       83      GL_EXT_texture_compression_rgtc GL_EXT_texture_compression_s3tc 
       84      GL_EXT_texture_filter_anisotropic GL_EXT_texture_filter_minmax 
       85      GL_EXT_texture_integer GL_EXT_texture_mirror_clamp GL_EXT_texture_shadow_lod 
       86      GL_EXT_texture_shared_exponent GL_EXT_texture_sRGB GL_EXT_texture_sRGB_decode 
       87      GL_EXT_texture_sRGB_R8 GL_EXT_texture_swizzle GL_EXT_timer_query 
       88      GL_EXT_vertex_array_bgra GL_EXT_vertex_attrib_64bit GL_EXT_win32_keyed_mutex 
       89      GL_EXT_window_rectangles GL_KHR_blend_equation_advanced 
       90      GL_KHR_blend_equation_advanced_coherent GL_KHR_context_flush_control 
       91      GL_KHR_debug GL_KHR_no_error GL_KHR_parallel_shader_compile 
       92      GL_KHR_robust_buffer_access_behavior GL_KHR_robustness GL_KHR_shader_subgroup 
       93      GL_NV_alpha_to_coverage_dither_control GL_NV_bindless_multi_draw_indirect 
       94      GL_NV_bindless_multi_draw_indirect_count GL_NV_bindless_texture 
       95      GL_NV_blend_equation_advanced GL_NV_blend_equation_advanced_coherent 
       96      GL_NV_blend_minmax_factor GL_NV_blend_square GL_NV_clip_space_w_scaling 
       97      GL_NV_command_list GL_NV_compute_shader_derivatives GL_NV_conditional_render 
       98      GL_NV_conservative_raster GL_NV_conservative_raster_dilate 
       99      GL_NV_conservative_raster_pre_snap GL_NV_conservative_raster_pre_snap_triangles 
      100      GL_NV_conservative_raster_underestimation GL_NV_copy_depth_to_color 
      101      GL_NV_copy_image GL_NV_depth_buffer_float GL_NV_depth_clamp GL_NV_draw_texture 
      102      GL_NV_draw_vulkan_image GL_NV_ES3_1_compatibility GL_NV_explicit_multisample 
      103      GL_NV_fence GL_NV_fill_rectangle GL_NV_float_buffer GL_NV_fog_distance 
      104      GL_NV_fragment_coverage_to_color GL_NV_fragment_program_option 
      105      GL_NV_fragment_shader_barycentric GL_NV_fragment_shader_interlock 
      106      GL_NV_framebuffer_mixed_samples GL_NV_framebuffer_multisample_coverage 
      107      GL_NV_geometry_shader4 GL_NV_geometry_shader_passthrough GL_NV_gpu_multicast 
      108      GL_NV_gpu_shader5 GL_NV_half_float GL_NV_internalformat_sample_query 
      109      GL_NV_light_max_exponent GL_NV_memory_attachment GL_NV_mesh_shader 
      110      GL_NV_multisample_coverage GL_NV_multisample_filter_hint 
      111      GL_NV_packed_depth_stencil GL_NV_path_rendering 
      112      GL_NV_path_rendering_shared_edge GL_NV_pixel_data_range GL_NV_point_sprite 
      113      GL_NV_primitive_restart GL_NV_query_resource GL_NV_query_resource_tag 
      114      GL_NV_representative_fragment_test GL_NV_sample_locations 
      115      GL_NV_sample_mask_override_coverage GL_NV_scissor_exclusive 
      116      GL_NV_shader_atomic_float GL_NV_shader_atomic_float64 
      117      GL_NV_shader_atomic_fp16_vector GL_NV_shader_atomic_int64 
      118      GL_NV_shader_buffer_load GL_NV_shader_subgroup_partitioned 
      119      GL_NV_shader_texture_footprint GL_NV_shader_thread_group 
      120      GL_NV_shader_thread_shuffle GL_NV_shading_rate_image 
      121      GL_NV_stereo_view_rendering GL_NV_texgen_reflection GL_NV_texture_barrier 
      122      GL_NV_texture_compression_vtc GL_NV_texture_multisample 
      123      GL_NV_texture_rectangle_compressed GL_NV_transform_feedback 
      124      GL_NV_transform_feedback2 GL_NV_uniform_buffer_unified_memory 
      125      GL_NV_vertex_array_range GL_NV_vertex_array_range2 
      126      GL_NV_vertex_attrib_integer_64bit GL_NV_vertex_buffer_unified_memory 
      127      GL_NV_viewport_array2 GL_NV_viewport_swizzle 
      128      GL_NVX_blend_equation_advanced_multi_draw_buffers GL_NVX_conditional_render 
      129      GL_NVX_gpu_memory_info GL_NVX_gpu_multicast2 GL_NVX_progress_fence 
      130      GL_OVR_multiview GL_OVR_multiview2 forwardCompatible 
[trace][1] (Main.java:105)              createCapabilities() = org.lwjgl.opengl.GLCapabilities@43301423
[trace][1] (Main.java:108)              glClearColor(1.0f, 0.0f, 0.0f, 0.0f)
[debug][1] Modified [ShaderProgram] (12 calls into LWJGL)
[debug][1] Created proxy class for [ShaderProgram] (3,064 bytes)
[debug][1] Did not modify: ShaderProgram
[trace][1] (ShaderProgram.java:17)      glCreateProgram() = 1
[debug][1] Modified [Utils] (2 calls into LWJGL)
[debug][1] Created proxy class for [Utils] (995 bytes)
[debug][1] Modified [Utils] (0 calls into LWJGL)
[debug][1] Created proxy class for [Utils] (140 bytes)
[trace][1] (ShaderProgram.java:63)      glCreateShader(GL_VERTEX_SHADER) = 2
[trace][1] Shader source for shader [2]:
        1  #version 330 core
        2  layout (location=0) in vec3 aPos;
        3  
        4  void main() {
        5      gl_Position = vec4(aPos.x, aPos.y, aPos.z, 1.0);
        6  }
[trace][1] (ShaderProgram.java:65)      glShaderSource(2, "#version 330 core\nlayout (location=0) in vec3 aPos;\n\nvoid main() {\n    gl_Position = vec4(aPos.x, aPos.y, aPos.z, 1.0);\n}\n")
[trace][1] (ShaderProgram.java:66)      glCompileShader(2)
[trace][1] (ShaderProgram.java:75)      glGetShaderi(2, GL_COMPILE_STATUS) = GL_TRUE
[trace][1] (ShaderProgram.java:68)      glAttachShader(1, 2)
[trace][1] (ShaderProgram.java:63)      glCreateShader(GL_FRAGMENT_SHADER) = 3
[trace][1] Shader source for shader [3]:
        1  #version 330 core
        2  out vec4 FragColor;
        3  
        4  void main() {
        5      FragColor = vec4(1.0f, 0.5f, 0.2f, 1.0f);
        6  }
[trace][1] (ShaderProgram.java:65)      glShaderSource(3, "#version 330 core\nout vec4 FragColor;\n\nvoid main() {\n    FragColor = vec4(1.0f, 0.5f, 0.2f, 1.0f);\n}\n")
[trace][1] (ShaderProgram.java:66)      glCompileShader(3)
[trace][1] (ShaderProgram.java:75)      glGetShaderi(3, GL_COMPILE_STATUS) = GL_TRUE
[trace][1] (ShaderProgram.java:68)      glAttachShader(1, 3)
[trace][1] (ShaderProgram.java:33)      glLinkProgram(1)
[error][1] OpenGL debug message
  ID: 0x502
  Source: API
  Type: ERROR
  Severity: HIGH
  Message: GL_INVALID_OPERATION error generated. Object is not a program or shader object.
  Stacktrace: org.lwjgl.opengl.GL20C.nglGetShaderiv(Native Method)
              org.lwjgl.opengl.GL20C.glGetShaderi(GL20C.java:771)
              org.lwjgl.opengl.GL20.glGetShaderi(GL20.java:847)
              ShaderProgram.logShaderStatus(ShaderProgram.java:75)
              ShaderProgram.link(ShaderProgram.java:34)
              Main.loop(Main.java:116)
              Main.run(Main.java:37)
              Main.main(Main.java:24)
[trace][1] (Main.java:40)               glfwFreeCallbacks(window[1])
[info ] Destroying OpenGL context for window[1]
[trace] (Main.java:41)               glfwDestroyWindow(window[1])
[debug] Freeing GLFWErrorCallback
[trace] (Main.java:43)               glfwTerminate()
[trace] (Main.java:47)               glfwSetErrorCallback(null) =  pointer [0x23099BB0000]
[trace] (Main.java:48)               setCapabilities(null)
